CRITICAL - 2025-05-22 16:34:24 --> ErrorException: Undefined array key "jurusan"
[Method: GET, Route: mahasiswa]
in APPPATH\Views\mahasiswa\index.php on line 19.
 1 APPPATH\Views\mahasiswa\index.php(19): CodeIgniter\Debug\Exceptions->errorHandler(2, 'Undefined array key "jurusan"', 'C:\\laragon\\www\\ci-universitas\\app\\Views\\mahasiswa\\index.php', 19)
 2 SYSTEMPATH\View\View.php(224): include('C:\\laragon\\www\\ci-universitas\\app\\Views\\mahasiswa\\index.php')
 3 SYSTEMPATH\View\View.php(227): CodeIgniter\View\View->CodeIgniter\View\{closure}()
 4 SYSTEMPATH\Common.php(1173): CodeIgniter\View\View->render('mahasiswa/index', [], true)
 5 APPPATH\Controllers\Mahasiswa.php(12): view('mahasiswa/index', [...])
 6 SYSTEMPATH\CodeIgniter.php(933): App\Controllers\Mahasiswa->index()
 7 SYSTEMPATH\CodeIgniter.php(507): CodeIgniter\CodeIgniter->runController(Object(App\Controllers\Mahasiswa))
 8 SYSTEMPATH\CodeIgniter.php(354): CodeIgniter\CodeIgniter->handleRequest(null, Object(Config\Cache), false)
 9 SYSTEMPATH\Boot.php(334): CodeIgniter\CodeIgniter->run()
10 SYSTEMPATH\Boot.php(67): CodeIgniter\Boot::runCodeIgniter(Object(CodeIgniter\CodeIgniter))
11 FCPATH\index.php(59): CodeIgniter\Boot::bootWeb(Object(Config\Paths))
12 SYSTEMPATH\rewrite.php(44): require_once('C:\\laragon\\www\\ci-universitas\\public\\index.php')
CRITICAL - 2025-05-22 16:36:50 --> ErrorException: Undefined array key "jurusan"
[Method: GET, Route: mahasiswa]
in APPPATH\Views\mahasiswa\index.php on line 19.
 1 APPPATH\Views\mahasiswa\index.php(19): CodeIgniter\Debug\Exceptions->errorHandler(2, 'Undefined array key "jurusan"', 'C:\\laragon\\www\\ci-universitas\\app\\Views\\mahasiswa\\index.php', 19)
 2 SYSTEMPATH\View\View.php(224): include('C:\\laragon\\www\\ci-universitas\\app\\Views\\mahasiswa\\index.php')
 3 SYSTEMPATH\View\View.php(227): CodeIgniter\View\View->CodeIgniter\View\{closure}()
 4 SYSTEMPATH\Common.php(1173): CodeIgniter\View\View->render('mahasiswa/index', [], true)
 5 APPPATH\Controllers\Mahasiswa.php(12): view('mahasiswa/index', [...])
 6 SYSTEMPATH\CodeIgniter.php(933): App\Controllers\Mahasiswa->index()
 7 SYSTEMPATH\CodeIgniter.php(507): CodeIgniter\CodeIgniter->runController(Object(App\Controllers\Mahasiswa))
 8 SYSTEMPATH\CodeIgniter.php(354): CodeIgniter\CodeIgniter->handleRequest(null, Object(Config\Cache), false)
 9 SYSTEMPATH\Boot.php(334): CodeIgniter\CodeIgniter->run()
10 SYSTEMPATH\Boot.php(67): CodeIgniter\Boot::runCodeIgniter(Object(CodeIgniter\CodeIgniter))
11 FCPATH\index.php(59): CodeIgniter\Boot::bootWeb(Object(Config\Paths))
12 SYSTEMPATH\rewrite.php(44): require_once('C:\\laragon\\www\\ci-universitas\\public\\index.php')
CRITICAL - 2025-05-22 16:37:02 --> ErrorException: Undefined array key "jurusan"
[Method: GET, Route: mahasiswa]
in APPPATH\Views\mahasiswa\index.php on line 19.
 1 APPPATH\Views\mahasiswa\index.php(19): CodeIgniter\Debug\Exceptions->errorHandler(2, 'Undefined array key "jurusan"', 'C:\\laragon\\www\\ci-universitas\\app\\Views\\mahasiswa\\index.php', 19)
 2 SYSTEMPATH\View\View.php(224): include('C:\\laragon\\www\\ci-universitas\\app\\Views\\mahasiswa\\index.php')
 3 SYSTEMPATH\View\View.php(227): CodeIgniter\View\View->CodeIgniter\View\{closure}()
 4 SYSTEMPATH\Common.php(1173): CodeIgniter\View\View->render('mahasiswa/index', [], true)
 5 APPPATH\Controllers\Mahasiswa.php(12): view('mahasiswa/index', [...])
 6 SYSTEMPATH\CodeIgniter.php(933): App\Controllers\Mahasiswa->index()
 7 SYSTEMPATH\CodeIgniter.php(507): CodeIgniter\CodeIgniter->runController(Object(App\Controllers\Mahasiswa))
 8 SYSTEMPATH\CodeIgniter.php(354): CodeIgniter\CodeIgniter->handleRequest(null, Object(Config\Cache), false)
 9 SYSTEMPATH\Boot.php(334): CodeIgniter\CodeIgniter->run()
10 SYSTEMPATH\Boot.php(67): CodeIgniter\Boot::runCodeIgniter(Object(CodeIgniter\CodeIgniter))
11 FCPATH\index.php(59): CodeIgniter\Boot::bootWeb(Object(Config\Paths))
12 SYSTEMPATH\rewrite.php(44): require_once('C:\\laragon\\www\\ci-universitas\\public\\index.php')
CRITICAL - 2025-05-22 16:39:09 --> ErrorException: Undefined array key "jurusan"
[Method: GET, Route: mahasiswa]
in APPPATH\Views\mahasiswa\index.php on line 19.
 1 APPPATH\Views\mahasiswa\index.php(19): CodeIgniter\Debug\Exceptions->errorHandler(2, 'Undefined array key "jurusan"', 'C:\\laragon\\www\\ci-universitas\\app\\Views\\mahasiswa\\index.php', 19)
 2 SYSTEMPATH\View\View.php(224): include('C:\\laragon\\www\\ci-universitas\\app\\Views\\mahasiswa\\index.php')
 3 SYSTEMPATH\View\View.php(227): CodeIgniter\View\View->CodeIgniter\View\{closure}()
 4 SYSTEMPATH\Common.php(1173): CodeIgniter\View\View->render('mahasiswa/index', [], true)
 5 APPPATH\Controllers\Mahasiswa.php(12): view('mahasiswa/index', [...])
 6 SYSTEMPATH\CodeIgniter.php(933): App\Controllers\Mahasiswa->index()
 7 SYSTEMPATH\CodeIgniter.php(507): CodeIgniter\CodeIgniter->runController(Object(App\Controllers\Mahasiswa))
 8 SYSTEMPATH\CodeIgniter.php(354): CodeIgniter\CodeIgniter->handleRequest(null, Object(Config\Cache), false)
 9 SYSTEMPATH\Boot.php(334): CodeIgniter\CodeIgniter->run()
10 SYSTEMPATH\Boot.php(67): CodeIgniter\Boot::runCodeIgniter(Object(CodeIgniter\CodeIgniter))
11 FCPATH\index.php(59): CodeIgniter\Boot::bootWeb(Object(Config\Paths))
12 SYSTEMPATH\rewrite.php(44): require_once('C:\\laragon\\www\\ci-universitas\\public\\index.php')
CRITICAL - 2025-05-22 16:40:48 --> ErrorException: Undefined array key "jurusan"
[Method: GET, Route: mahasiswa]
in APPPATH\Views\mahasiswa\index.php on line 19.
 1 APPPATH\Views\mahasiswa\index.php(19): CodeIgniter\Debug\Exceptions->errorHandler(2, 'Undefined array key "jurusan"', 'C:\\laragon\\www\\ci-universitas\\app\\Views\\mahasiswa\\index.php', 19)
 2 SYSTEMPATH\View\View.php(224): include('C:\\laragon\\www\\ci-universitas\\app\\Views\\mahasiswa\\index.php')
 3 SYSTEMPATH\View\View.php(227): CodeIgniter\View\View->CodeIgniter\View\{closure}()
 4 SYSTEMPATH\Common.php(1173): CodeIgniter\View\View->render('mahasiswa/index', [], true)
 5 APPPATH\Controllers\Mahasiswa.php(12): view('mahasiswa/index', [...])
 6 SYSTEMPATH\CodeIgniter.php(933): App\Controllers\Mahasiswa->index()
 7 SYSTEMPATH\CodeIgniter.php(507): CodeIgniter\CodeIgniter->runController(Object(App\Controllers\Mahasiswa))
 8 SYSTEMPATH\CodeIgniter.php(354): CodeIgniter\CodeIgniter->handleRequest(null, Object(Config\Cache), false)
 9 SYSTEMPATH\Boot.php(334): CodeIgniter\CodeIgniter->run()
10 SYSTEMPATH\Boot.php(67): CodeIgniter\Boot::runCodeIgniter(Object(CodeIgniter\CodeIgniter))
11 FCPATH\index.php(59): CodeIgniter\Boot::bootWeb(Object(Config\Paths))
12 SYSTEMPATH\rewrite.php(44): require_once('C:\\laragon\\www\\ci-universitas\\public\\index.php')
CRITICAL - 2025-05-22 16:45:29 --> ErrorException: Undefined array key "jurusan"
[Method: GET, Route: mahasiswa]
in APPPATH\Views\mahasiswa\index.php on line 19.
 1 APPPATH\Views\mahasiswa\index.php(19): CodeIgniter\Debug\Exceptions->errorHandler(2, 'Undefined array key "jurusan"', 'C:\\laragon\\www\\ci-universitas\\app\\Views\\mahasiswa\\index.php', 19)
 2 SYSTEMPATH\View\View.php(224): include('C:\\laragon\\www\\ci-universitas\\app\\Views\\mahasiswa\\index.php')
 3 SYSTEMPATH\View\View.php(227): CodeIgniter\View\View->CodeIgniter\View\{closure}()
 4 SYSTEMPATH\Common.php(1173): CodeIgniter\View\View->render('mahasiswa/index', [], true)
 5 APPPATH\Controllers\Mahasiswa.php(17): view('mahasiswa/index', [...])
 6 SYSTEMPATH\CodeIgniter.php(933): App\Controllers\Mahasiswa->index()
 7 SYSTEMPATH\CodeIgniter.php(507): CodeIgniter\CodeIgniter->runController(Object(App\Controllers\Mahasiswa))
 8 SYSTEMPATH\CodeIgniter.php(354): CodeIgniter\CodeIgniter->handleRequest(null, Object(Config\Cache), false)
 9 SYSTEMPATH\Boot.php(334): CodeIgniter\CodeIgniter->run()
10 SYSTEMPATH\Boot.php(67): CodeIgniter\Boot::runCodeIgniter(Object(CodeIgniter\CodeIgniter))
11 FCPATH\index.php(59): CodeIgniter\Boot::bootWeb(Object(Config\Paths))
12 SYSTEMPATH\rewrite.php(44): require_once('C:\\laragon\\www\\ci-universitas\\public\\index.php')
CRITICAL - 2025-05-22 16:45:30 --> ErrorException: Undefined array key "jurusan"
[Method: GET, Route: mahasiswa]
in APPPATH\Views\mahasiswa\index.php on line 19.
 1 APPPATH\Views\mahasiswa\index.php(19): CodeIgniter\Debug\Exceptions->errorHandler(2, 'Undefined array key "jurusan"', 'C:\\laragon\\www\\ci-universitas\\app\\Views\\mahasiswa\\index.php', 19)
 2 SYSTEMPATH\View\View.php(224): include('C:\\laragon\\www\\ci-universitas\\app\\Views\\mahasiswa\\index.php')
 3 SYSTEMPATH\View\View.php(227): CodeIgniter\View\View->CodeIgniter\View\{closure}()
 4 SYSTEMPATH\Common.php(1173): CodeIgniter\View\View->render('mahasiswa/index', [], true)
 5 APPPATH\Controllers\Mahasiswa.php(17): view('mahasiswa/index', [...])
 6 SYSTEMPATH\CodeIgniter.php(933): App\Controllers\Mahasiswa->index()
 7 SYSTEMPATH\CodeIgniter.php(507): CodeIgniter\CodeIgniter->runController(Object(App\Controllers\Mahasiswa))
 8 SYSTEMPATH\CodeIgniter.php(354): CodeIgniter\CodeIgniter->handleRequest(null, Object(Config\Cache), false)
 9 SYSTEMPATH\Boot.php(334): CodeIgniter\CodeIgniter->run()
10 SYSTEMPATH\Boot.php(67): CodeIgniter\Boot::runCodeIgniter(Object(CodeIgniter\CodeIgniter))
11 FCPATH\index.php(59): CodeIgniter\Boot::bootWeb(Object(Config\Paths))
12 SYSTEMPATH\rewrite.php(44): require_once('C:\\laragon\\www\\ci-universitas\\public\\index.php')
CRITICAL - 2025-05-22 16:45:45 --> ErrorException: Undefined array key "jurusan"
[Method: GET, Route: mahasiswa]
in APPPATH\Views\mahasiswa\index.php on line 19.
 1 APPPATH\Views\mahasiswa\index.php(19): CodeIgniter\Debug\Exceptions->errorHandler(2, 'Undefined array key "jurusan"', 'C:\\laragon\\www\\ci-universitas\\app\\Views\\mahasiswa\\index.php', 19)
 2 SYSTEMPATH\View\View.php(224): include('C:\\laragon\\www\\ci-universitas\\app\\Views\\mahasiswa\\index.php')
 3 SYSTEMPATH\View\View.php(227): CodeIgniter\View\View->CodeIgniter\View\{closure}()
 4 SYSTEMPATH\Common.php(1173): CodeIgniter\View\View->render('mahasiswa/index', [], true)
 5 APPPATH\Controllers\Mahasiswa.php(17): view('mahasiswa/index', [...])
 6 SYSTEMPATH\CodeIgniter.php(933): App\Controllers\Mahasiswa->index()
 7 SYSTEMPATH\CodeIgniter.php(507): CodeIgniter\CodeIgniter->runController(Object(App\Controllers\Mahasiswa))
 8 SYSTEMPATH\CodeIgniter.php(354): CodeIgniter\CodeIgniter->handleRequest(null, Object(Config\Cache), false)
 9 SYSTEMPATH\Boot.php(334): CodeIgniter\CodeIgniter->run()
10 SYSTEMPATH\Boot.php(67): CodeIgniter\Boot::runCodeIgniter(Object(CodeIgniter\CodeIgniter))
11 FCPATH\index.php(59): CodeIgniter\Boot::bootWeb(Object(Config\Paths))
12 SYSTEMPATH\rewrite.php(44): require_once('C:\\laragon\\www\\ci-universitas\\public\\index.php')
ERROR - 2025-05-22 17:30:51 --> mysqli_sql_exception: Unknown column 'jurusan' in 'field list' in C:\laragon\www\ci-universitas\vendor\codeigniter4\framework\system\Database\MySQLi\Connection.php:327
Stack trace:
#0 C:\laragon\www\ci-universitas\vendor\codeigniter4\framework\system\Database\MySQLi\Connection.php(327): mysqli->query('INSERT INTO `ma...', 0)
#1 C:\laragon\www\ci-universitas\vendor\codeigniter4\framework\system\Database\BaseConnection.php(738): CodeIgniter\Database\MySQLi\Connection->execute('INSERT INTO `ma...')
#2 C:\laragon\www\ci-universitas\vendor\codeigniter4\framework\system\Database\BaseConnection.php(652): CodeIgniter\Database\BaseConnection->simpleQuery('INSERT INTO `ma...')
#3 C:\laragon\www\ci-universitas\vendor\codeigniter4\framework\system\Database\BaseBuilder.php(2345): CodeIgniter\Database\BaseConnection->query('INSERT INTO `ma...', Array, false)
#4 C:\laragon\www\ci-universitas\vendor\codeigniter4\framework\system\Model.php(394): CodeIgniter\Database\BaseBuilder->insert()
#5 C:\laragon\www\ci-universitas\vendor\codeigniter4\framework\system\BaseModel.php(843): CodeIgniter\Model->doInsert(Array)
#6 C:\laragon\www\ci-universitas\vendor\codeigniter4\framework\system\Model.php(800): CodeIgniter\BaseModel->insert(Array, true)
#7 C:\laragon\www\ci-universitas\app\Controllers\Mahasiswa.php(32): CodeIgniter\Model->insert(Array)
#8 C:\laragon\www\ci-universitas\vendor\codeigniter4\framework\system\CodeIgniter.php(933): App\Controllers\Mahasiswa->store()
#9 C:\laragon\www\ci-universitas\vendor\codeigniter4\framework\system\CodeIgniter.php(507): CodeIgniter\CodeIgniter->runController(Object(App\Controllers\Mahasiswa))
#10 C:\laragon\www\ci-universitas\vendor\codeigniter4\framework\system\CodeIgniter.php(354): CodeIgniter\CodeIgniter->handleRequest(NULL, Object(Config\Cache), false)
#11 C:\laragon\www\ci-universitas\vendor\codeigniter4\framework\system\Boot.php(334): CodeIgniter\CodeIgniter->run()
#12 C:\laragon\www\ci-universitas\vendor\codeigniter4\framework\system\Boot.php(67): CodeIgniter\Boot::runCodeIgniter(Object(CodeIgniter\CodeIgniter))
#13 C:\laragon\www\ci-universitas\public\index.php(59): CodeIgniter\Boot::bootWeb(Object(Config\Paths))
#14 C:\laragon\www\ci-universitas\vendor\codeigniter4\framework\system\rewrite.php(44): require_once('C:\\laragon\\www\\...')
#15 {main}
CRITICAL - 2025-05-22 17:30:51 --> CodeIgniter\Database\Exceptions\DatabaseException: Unknown column 'jurusan' in 'field list'
[Method: POST, Route: mahasiswa/store]
in SYSTEMPATH\Database\BaseConnection.php on line 692.
 1 SYSTEMPATH\Database\BaseBuilder.php(2345): CodeIgniter\Database\BaseConnection->query('INSERT INTO `mahasiswa` (`nim`, `nama_mahasiswa`, `email`, `tgl_lahir`, `alamat`, `jurusan`, `propinsi`, `no_hp`) VALUES (:nim:, :nama_mahasiswa:, :email:, :tgl_lahir:, :alamat:, :jurusan:, :propinsi:, :no_hp:)', [...], false)
 2 SYSTEMPATH\Model.php(394): CodeIgniter\Database\BaseBuilder->insert()
 3 SYSTEMPATH\BaseModel.php(843): CodeIgniter\Model->doInsert([...])
 4 SYSTEMPATH\Model.php(800): CodeIgniter\BaseModel->insert([...], true)
 5 APPPATH\Controllers\Mahasiswa.php(32): CodeIgniter\Model->insert([...])
 6 SYSTEMPATH\CodeIgniter.php(933): App\Controllers\Mahasiswa->store()
 7 SYSTEMPATH\CodeIgniter.php(507): CodeIgniter\CodeIgniter->runController(Object(App\Controllers\Mahasiswa))
 8 SYSTEMPATH\CodeIgniter.php(354): CodeIgniter\CodeIgniter->handleRequest(null, Object(Config\Cache), false)
 9 SYSTEMPATH\Boot.php(334): CodeIgniter\CodeIgniter->run()
10 SYSTEMPATH\Boot.php(67): CodeIgniter\Boot::runCodeIgniter(Object(CodeIgniter\CodeIgniter))
11 FCPATH\index.php(59): CodeIgniter\Boot::bootWeb(Object(Config\Paths))
12 SYSTEMPATH\rewrite.php(44): require_once('C:\\laragon\\www\\ci-universitas\\public\\index.php')
CRITICAL - 2025-05-22 17:30:51 --> [Caused by] CodeIgniter\Database\Exceptions\DatabaseException: Unknown column 'jurusan' in 'field list'
in SYSTEMPATH\Database\MySQLi\Connection.php on line 332.
 1 SYSTEMPATH\Database\BaseConnection.php(738): CodeIgniter\Database\MySQLi\Connection->execute('INSERT INTO `mahasiswa` (`nim`, `nama_mahasiswa`, `email`, `tgl_lahir`, `alamat`, `jurusan`, `propinsi`, `no_hp`) VALUES (\'220003\', \'Iuy Pra\', \'iuy@example.com\', \'2006-06-24\', \'gambir\', \'Teknik informatika\', \'jakarta\', \'083163137\')')
 2 SYSTEMPATH\Database\BaseConnection.php(652): CodeIgniter\Database\BaseConnection->simpleQuery('INSERT INTO `mahasiswa` (`nim`, `nama_mahasiswa`, `email`, `tgl_lahir`, `alamat`, `jurusan`, `propinsi`, `no_hp`) VALUES (\'220003\', \'Iuy Pra\', \'iuy@example.com\', \'2006-06-24\', \'gambir\', \'Teknik informatika\', \'jakarta\', \'083163137\')')
 3 SYSTEMPATH\Database\BaseBuilder.php(2345): CodeIgniter\Database\BaseConnection->query('INSERT INTO `mahasiswa` (`nim`, `nama_mahasiswa`, `email`, `tgl_lahir`, `alamat`, `jurusan`, `propinsi`, `no_hp`) VALUES (:nim:, :nama_mahasiswa:, :email:, :tgl_lahir:, :alamat:, :jurusan:, :propinsi:, :no_hp:)', [...], false)
 4 SYSTEMPATH\Model.php(394): CodeIgniter\Database\BaseBuilder->insert()
 5 SYSTEMPATH\BaseModel.php(843): CodeIgniter\Model->doInsert([...])
 6 SYSTEMPATH\Model.php(800): CodeIgniter\BaseModel->insert([...], true)
 7 APPPATH\Controllers\Mahasiswa.php(32): CodeIgniter\Model->insert([...])
 8 SYSTEMPATH\CodeIgniter.php(933): App\Controllers\Mahasiswa->store()
 9 SYSTEMPATH\CodeIgniter.php(507): CodeIgniter\CodeIgniter->runController(Object(App\Controllers\Mahasiswa))
10 SYSTEMPATH\CodeIgniter.php(354): CodeIgniter\CodeIgniter->handleRequest(null, Object(Config\Cache), false)
11 SYSTEMPATH\Boot.php(334): CodeIgniter\CodeIgniter->run()
12 SYSTEMPATH\Boot.php(67): CodeIgniter\Boot::runCodeIgniter(Object(CodeIgniter\CodeIgniter))
13 FCPATH\index.php(59): CodeIgniter\Boot::bootWeb(Object(Config\Paths))
14 SYSTEMPATH\rewrite.php(44): require_once('C:\\laragon\\www\\ci-universitas\\public\\index.php')
CRITICAL - 2025-05-22 17:30:51 --> [Caused by] mysqli_sql_exception: Unknown column 'jurusan' in 'field list'
in SYSTEMPATH\Database\MySQLi\Connection.php on line 327.
 1 SYSTEMPATH\Database\MySQLi\Connection.php(327): mysqli->query('INSERT INTO `mahasiswa` (`nim`, `nama_mahasiswa`, `email`, `tgl_lahir`, `alamat`, `jurusan`, `propinsi`, `no_hp`) VALUES (\'220003\', \'Iuy Pra\', \'iuy@example.com\', \'2006-06-24\', \'gambir\', \'Teknik informatika\', \'jakarta\', \'083163137\')', 0)
 2 SYSTEMPATH\Database\BaseConnection.php(738): CodeIgniter\Database\MySQLi\Connection->execute('INSERT INTO `mahasiswa` (`nim`, `nama_mahasiswa`, `email`, `tgl_lahir`, `alamat`, `jurusan`, `propinsi`, `no_hp`) VALUES (\'220003\', \'Iuy Pra\', \'iuy@example.com\', \'2006-06-24\', \'gambir\', \'Teknik informatika\', \'jakarta\', \'083163137\')')
 3 SYSTEMPATH\Database\BaseConnection.php(652): CodeIgniter\Database\BaseConnection->simpleQuery('INSERT INTO `mahasiswa` (`nim`, `nama_mahasiswa`, `email`, `tgl_lahir`, `alamat`, `jurusan`, `propinsi`, `no_hp`) VALUES (\'220003\', \'Iuy Pra\', \'iuy@example.com\', \'2006-06-24\', \'gambir\', \'Teknik informatika\', \'jakarta\', \'083163137\')')
 4 SYSTEMPATH\Database\BaseBuilder.php(2345): CodeIgniter\Database\BaseConnection->query('INSERT INTO `mahasiswa` (`nim`, `nama_mahasiswa`, `email`, `tgl_lahir`, `alamat`, `jurusan`, `propinsi`, `no_hp`) VALUES (:nim:, :nama_mahasiswa:, :email:, :tgl_lahir:, :alamat:, :jurusan:, :propinsi:, :no_hp:)', [...], false)
 5 SYSTEMPATH\Model.php(394): CodeIgniter\Database\BaseBuilder->insert()
 6 SYSTEMPATH\BaseModel.php(843): CodeIgniter\Model->doInsert([...])
 7 SYSTEMPATH\Model.php(800): CodeIgniter\BaseModel->insert([...], true)
 8 APPPATH\Controllers\Mahasiswa.php(32): CodeIgniter\Model->insert([...])
 9 SYSTEMPATH\CodeIgniter.php(933): App\Controllers\Mahasiswa->store()
10 SYSTEMPATH\CodeIgniter.php(507): CodeIgniter\CodeIgniter->runController(Object(App\Controllers\Mahasiswa))
11 SYSTEMPATH\CodeIgniter.php(354): CodeIgniter\CodeIgniter->handleRequest(null, Object(Config\Cache), false)
12 SYSTEMPATH\Boot.php(334): CodeIgniter\CodeIgniter->run()
13 SYSTEMPATH\Boot.php(67): CodeIgniter\Boot::runCodeIgniter(Object(CodeIgniter\CodeIgniter))
14 FCPATH\index.php(59): CodeIgniter\Boot::bootWeb(Object(Config\Paths))
15 SYSTEMPATH\rewrite.php(44): require_once('C:\\laragon\\www\\ci-universitas\\public\\index.php')
ERROR - 2025-05-22 17:31:04 --> mysqli_sql_exception: Unknown column 'jurusan' in 'field list' in C:\laragon\www\ci-universitas\vendor\codeigniter4\framework\system\Database\MySQLi\Connection.php:327
Stack trace:
#0 C:\laragon\www\ci-universitas\vendor\codeigniter4\framework\system\Database\MySQLi\Connection.php(327): mysqli->query('INSERT INTO `ma...', 0)
#1 C:\laragon\www\ci-universitas\vendor\codeigniter4\framework\system\Database\BaseConnection.php(738): CodeIgniter\Database\MySQLi\Connection->execute('INSERT INTO `ma...')
#2 C:\laragon\www\ci-universitas\vendor\codeigniter4\framework\system\Database\BaseConnection.php(652): CodeIgniter\Database\BaseConnection->simpleQuery('INSERT INTO `ma...')
#3 C:\laragon\www\ci-universitas\vendor\codeigniter4\framework\system\Database\BaseBuilder.php(2345): CodeIgniter\Database\BaseConnection->query('INSERT INTO `ma...', Array, false)
#4 C:\laragon\www\ci-universitas\vendor\codeigniter4\framework\system\Model.php(394): CodeIgniter\Database\BaseBuilder->insert()
#5 C:\laragon\www\ci-universitas\vendor\codeigniter4\framework\system\BaseModel.php(843): CodeIgniter\Model->doInsert(Array)
#6 C:\laragon\www\ci-universitas\vendor\codeigniter4\framework\system\Model.php(800): CodeIgniter\BaseModel->insert(Array, true)
#7 C:\laragon\www\ci-universitas\app\Controllers\Mahasiswa.php(32): CodeIgniter\Model->insert(Array)
#8 C:\laragon\www\ci-universitas\vendor\codeigniter4\framework\system\CodeIgniter.php(933): App\Controllers\Mahasiswa->store()
#9 C:\laragon\www\ci-universitas\vendor\codeigniter4\framework\system\CodeIgniter.php(507): CodeIgniter\CodeIgniter->runController(Object(App\Controllers\Mahasiswa))
#10 C:\laragon\www\ci-universitas\vendor\codeigniter4\framework\system\CodeIgniter.php(354): CodeIgniter\CodeIgniter->handleRequest(NULL, Object(Config\Cache), false)
#11 C:\laragon\www\ci-universitas\vendor\codeigniter4\framework\system\Boot.php(334): CodeIgniter\CodeIgniter->run()
#12 C:\laragon\www\ci-universitas\vendor\codeigniter4\framework\system\Boot.php(67): CodeIgniter\Boot::runCodeIgniter(Object(CodeIgniter\CodeIgniter))
#13 C:\laragon\www\ci-universitas\public\index.php(59): CodeIgniter\Boot::bootWeb(Object(Config\Paths))
#14 C:\laragon\www\ci-universitas\vendor\codeigniter4\framework\system\rewrite.php(44): require_once('C:\\laragon\\www\\...')
#15 {main}
CRITICAL - 2025-05-22 17:31:04 --> CodeIgniter\Database\Exceptions\DatabaseException: Unknown column 'jurusan' in 'field list'
[Method: POST, Route: mahasiswa/store]
in SYSTEMPATH\Database\BaseConnection.php on line 692.
 1 SYSTEMPATH\Database\BaseBuilder.php(2345): CodeIgniter\Database\BaseConnection->query('INSERT INTO `mahasiswa` (`nim`, `nama_mahasiswa`, `email`, `tgl_lahir`, `alamat`, `jurusan`, `propinsi`, `no_hp`) VALUES (:nim:, :nama_mahasiswa:, :email:, :tgl_lahir:, :alamat:, :jurusan:, :propinsi:, :no_hp:)', [...], false)
 2 SYSTEMPATH\Model.php(394): CodeIgniter\Database\BaseBuilder->insert()
 3 SYSTEMPATH\BaseModel.php(843): CodeIgniter\Model->doInsert([...])
 4 SYSTEMPATH\Model.php(800): CodeIgniter\BaseModel->insert([...], true)
 5 APPPATH\Controllers\Mahasiswa.php(32): CodeIgniter\Model->insert([...])
 6 SYSTEMPATH\CodeIgniter.php(933): App\Controllers\Mahasiswa->store()
 7 SYSTEMPATH\CodeIgniter.php(507): CodeIgniter\CodeIgniter->runController(Object(App\Controllers\Mahasiswa))
 8 SYSTEMPATH\CodeIgniter.php(354): CodeIgniter\CodeIgniter->handleRequest(null, Object(Config\Cache), false)
 9 SYSTEMPATH\Boot.php(334): CodeIgniter\CodeIgniter->run()
10 SYSTEMPATH\Boot.php(67): CodeIgniter\Boot::runCodeIgniter(Object(CodeIgniter\CodeIgniter))
11 FCPATH\index.php(59): CodeIgniter\Boot::bootWeb(Object(Config\Paths))
12 SYSTEMPATH\rewrite.php(44): require_once('C:\\laragon\\www\\ci-universitas\\public\\index.php')
CRITICAL - 2025-05-22 17:31:04 --> [Caused by] CodeIgniter\Database\Exceptions\DatabaseException: Unknown column 'jurusan' in 'field list'
in SYSTEMPATH\Database\MySQLi\Connection.php on line 332.
 1 SYSTEMPATH\Database\BaseConnection.php(738): CodeIgniter\Database\MySQLi\Connection->execute('INSERT INTO `mahasiswa` (`nim`, `nama_mahasiswa`, `email`, `tgl_lahir`, `alamat`, `jurusan`, `propinsi`, `no_hp`) VALUES (\'220003\', \'Iuy Pra\', \'iuy@example.com\', \'2006-06-24\', \'gambir\', \'Teknik informatika\', \'jakarta\', \'083163137\')')
 2 SYSTEMPATH\Database\BaseConnection.php(652): CodeIgniter\Database\BaseConnection->simpleQuery('INSERT INTO `mahasiswa` (`nim`, `nama_mahasiswa`, `email`, `tgl_lahir`, `alamat`, `jurusan`, `propinsi`, `no_hp`) VALUES (\'220003\', \'Iuy Pra\', \'iuy@example.com\', \'2006-06-24\', \'gambir\', \'Teknik informatika\', \'jakarta\', \'083163137\')')
 3 SYSTEMPATH\Database\BaseBuilder.php(2345): CodeIgniter\Database\BaseConnection->query('INSERT INTO `mahasiswa` (`nim`, `nama_mahasiswa`, `email`, `tgl_lahir`, `alamat`, `jurusan`, `propinsi`, `no_hp`) VALUES (:nim:, :nama_mahasiswa:, :email:, :tgl_lahir:, :alamat:, :jurusan:, :propinsi:, :no_hp:)', [...], false)
 4 SYSTEMPATH\Model.php(394): CodeIgniter\Database\BaseBuilder->insert()
 5 SYSTEMPATH\BaseModel.php(843): CodeIgniter\Model->doInsert([...])
 6 SYSTEMPATH\Model.php(800): CodeIgniter\BaseModel->insert([...], true)
 7 APPPATH\Controllers\Mahasiswa.php(32): CodeIgniter\Model->insert([...])
 8 SYSTEMPATH\CodeIgniter.php(933): App\Controllers\Mahasiswa->store()
 9 SYSTEMPATH\CodeIgniter.php(507): CodeIgniter\CodeIgniter->runController(Object(App\Controllers\Mahasiswa))
10 SYSTEMPATH\CodeIgniter.php(354): CodeIgniter\CodeIgniter->handleRequest(null, Object(Config\Cache), false)
11 SYSTEMPATH\Boot.php(334): CodeIgniter\CodeIgniter->run()
12 SYSTEMPATH\Boot.php(67): CodeIgniter\Boot::runCodeIgniter(Object(CodeIgniter\CodeIgniter))
13 FCPATH\index.php(59): CodeIgniter\Boot::bootWeb(Object(Config\Paths))
14 SYSTEMPATH\rewrite.php(44): require_once('C:\\laragon\\www\\ci-universitas\\public\\index.php')
CRITICAL - 2025-05-22 17:31:04 --> [Caused by] mysqli_sql_exception: Unknown column 'jurusan' in 'field list'
in SYSTEMPATH\Database\MySQLi\Connection.php on line 327.
 1 SYSTEMPATH\Database\MySQLi\Connection.php(327): mysqli->query('INSERT INTO `mahasiswa` (`nim`, `nama_mahasiswa`, `email`, `tgl_lahir`, `alamat`, `jurusan`, `propinsi`, `no_hp`) VALUES (\'220003\', \'Iuy Pra\', \'iuy@example.com\', \'2006-06-24\', \'gambir\', \'Teknik informatika\', \'jakarta\', \'083163137\')', 0)
 2 SYSTEMPATH\Database\BaseConnection.php(738): CodeIgniter\Database\MySQLi\Connection->execute('INSERT INTO `mahasiswa` (`nim`, `nama_mahasiswa`, `email`, `tgl_lahir`, `alamat`, `jurusan`, `propinsi`, `no_hp`) VALUES (\'220003\', \'Iuy Pra\', \'iuy@example.com\', \'2006-06-24\', \'gambir\', \'Teknik informatika\', \'jakarta\', \'083163137\')')
 3 SYSTEMPATH\Database\BaseConnection.php(652): CodeIgniter\Database\BaseConnection->simpleQuery('INSERT INTO `mahasiswa` (`nim`, `nama_mahasiswa`, `email`, `tgl_lahir`, `alamat`, `jurusan`, `propinsi`, `no_hp`) VALUES (\'220003\', \'Iuy Pra\', \'iuy@example.com\', \'2006-06-24\', \'gambir\', \'Teknik informatika\', \'jakarta\', \'083163137\')')
 4 SYSTEMPATH\Database\BaseBuilder.php(2345): CodeIgniter\Database\BaseConnection->query('INSERT INTO `mahasiswa` (`nim`, `nama_mahasiswa`, `email`, `tgl_lahir`, `alamat`, `jurusan`, `propinsi`, `no_hp`) VALUES (:nim:, :nama_mahasiswa:, :email:, :tgl_lahir:, :alamat:, :jurusan:, :propinsi:, :no_hp:)', [...], false)
 5 SYSTEMPATH\Model.php(394): CodeIgniter\Database\BaseBuilder->insert()
 6 SYSTEMPATH\BaseModel.php(843): CodeIgniter\Model->doInsert([...])
 7 SYSTEMPATH\Model.php(800): CodeIgniter\BaseModel->insert([...], true)
 8 APPPATH\Controllers\Mahasiswa.php(32): CodeIgniter\Model->insert([...])
 9 SYSTEMPATH\CodeIgniter.php(933): App\Controllers\Mahasiswa->store()
10 SYSTEMPATH\CodeIgniter.php(507): CodeIgniter\CodeIgniter->runController(Object(App\Controllers\Mahasiswa))
11 SYSTEMPATH\CodeIgniter.php(354): CodeIgniter\CodeIgniter->handleRequest(null, Object(Config\Cache), false)
12 SYSTEMPATH\Boot.php(334): CodeIgniter\CodeIgniter->run()
13 SYSTEMPATH\Boot.php(67): CodeIgniter\Boot::runCodeIgniter(Object(CodeIgniter\CodeIgniter))
14 FCPATH\index.php(59): CodeIgniter\Boot::bootWeb(Object(Config\Paths))
15 SYSTEMPATH\rewrite.php(44): require_once('C:\\laragon\\www\\ci-universitas\\public\\index.php')
ERROR - 2025-05-22 17:34:07 --> mysqli_sql_exception: Cannot add or update a child row: a foreign key constraint fails (`mercubuana`.`mahasiswa`, CONSTRAINT `mahasiswa_ibfk_1` FOREIGN KEY (`jurusan_id`) REFERENCES `jurusan` (`jurusan_id`)) in C:\laragon\www\ci-universitas\vendor\codeigniter4\framework\system\Database\MySQLi\Connection.php:327
Stack trace:
#0 C:\laragon\www\ci-universitas\vendor\codeigniter4\framework\system\Database\MySQLi\Connection.php(327): mysqli->query('INSERT INTO `ma...', 0)
#1 C:\laragon\www\ci-universitas\vendor\codeigniter4\framework\system\Database\BaseConnection.php(738): CodeIgniter\Database\MySQLi\Connection->execute('INSERT INTO `ma...')
#2 C:\laragon\www\ci-universitas\vendor\codeigniter4\framework\system\Database\BaseConnection.php(652): CodeIgniter\Database\BaseConnection->simpleQuery('INSERT INTO `ma...')
#3 C:\laragon\www\ci-universitas\vendor\codeigniter4\framework\system\Database\BaseBuilder.php(2345): CodeIgniter\Database\BaseConnection->query('INSERT INTO `ma...', Array, false)
#4 C:\laragon\www\ci-universitas\vendor\codeigniter4\framework\system\Model.php(394): CodeIgniter\Database\BaseBuilder->insert()
#5 C:\laragon\www\ci-universitas\vendor\codeigniter4\framework\system\BaseModel.php(843): CodeIgniter\Model->doInsert(Array)
#6 C:\laragon\www\ci-universitas\vendor\codeigniter4\framework\system\Model.php(800): CodeIgniter\BaseModel->insert(Array, true)
#7 C:\laragon\www\ci-universitas\app\Controllers\Mahasiswa.php(32): CodeIgniter\Model->insert(Array)
#8 C:\laragon\www\ci-universitas\vendor\codeigniter4\framework\system\CodeIgniter.php(933): App\Controllers\Mahasiswa->store()
#9 C:\laragon\www\ci-universitas\vendor\codeigniter4\framework\system\CodeIgniter.php(507): CodeIgniter\CodeIgniter->runController(Object(App\Controllers\Mahasiswa))
#10 C:\laragon\www\ci-universitas\vendor\codeigniter4\framework\system\CodeIgniter.php(354): CodeIgniter\CodeIgniter->handleRequest(NULL, Object(Config\Cache), false)
#11 C:\laragon\www\ci-universitas\vendor\codeigniter4\framework\system\Boot.php(334): CodeIgniter\CodeIgniter->run()
#12 C:\laragon\www\ci-universitas\vendor\codeigniter4\framework\system\Boot.php(67): CodeIgniter\Boot::runCodeIgniter(Object(CodeIgniter\CodeIgniter))
#13 C:\laragon\www\ci-universitas\public\index.php(59): CodeIgniter\Boot::bootWeb(Object(Config\Paths))
#14 C:\laragon\www\ci-universitas\vendor\codeigniter4\framework\system\rewrite.php(44): require_once('C:\\laragon\\www\\...')
#15 {main}
CRITICAL - 2025-05-22 17:34:07 --> CodeIgniter\Database\Exceptions\DatabaseException: Cannot add or update a child row: a foreign key constraint fails (`mercubuana`.`mahasiswa`, CONSTRAINT `mahasiswa_ibfk_1` FOREIGN KEY (`jurusan_id`) REFERENCES `jurusan` (`jurusan_id`))
[Method: POST, Route: mahasiswa/store]
in SYSTEMPATH\Database\BaseConnection.php on line 692.
 1 SYSTEMPATH\Database\BaseBuilder.php(2345): CodeIgniter\Database\BaseConnection->query('INSERT INTO `mahasiswa` (`nim`, `nama_mahasiswa`, `email`, `tgl_lahir`, `alamat`, `jurusan_id`, `propinsi`, `no_hp`) VALUES (:nim:, :nama_mahasiswa:, :email:, :tgl_lahir:, :alamat:, :jurusan_id:, :propinsi:, :no_hp:)', [...], false)
 2 SYSTEMPATH\Model.php(394): CodeIgniter\Database\BaseBuilder->insert()
 3 SYSTEMPATH\BaseModel.php(843): CodeIgniter\Model->doInsert([...])
 4 SYSTEMPATH\Model.php(800): CodeIgniter\BaseModel->insert([...], true)
 5 APPPATH\Controllers\Mahasiswa.php(32): CodeIgniter\Model->insert([...])
 6 SYSTEMPATH\CodeIgniter.php(933): App\Controllers\Mahasiswa->store()
 7 SYSTEMPATH\CodeIgniter.php(507): CodeIgniter\CodeIgniter->runController(Object(App\Controllers\Mahasiswa))
 8 SYSTEMPATH\CodeIgniter.php(354): CodeIgniter\CodeIgniter->handleRequest(null, Object(Config\Cache), false)
 9 SYSTEMPATH\Boot.php(334): CodeIgniter\CodeIgniter->run()
10 SYSTEMPATH\Boot.php(67): CodeIgniter\Boot::runCodeIgniter(Object(CodeIgniter\CodeIgniter))
11 FCPATH\index.php(59): CodeIgniter\Boot::bootWeb(Object(Config\Paths))
12 SYSTEMPATH\rewrite.php(44): require_once('C:\\laragon\\www\\ci-universitas\\public\\index.php')
CRITICAL - 2025-05-22 17:34:07 --> [Caused by] CodeIgniter\Database\Exceptions\DatabaseException: Cannot add or update a child row: a foreign key constraint fails (`mercubuana`.`mahasiswa`, CONSTRAINT `mahasiswa_ibfk_1` FOREIGN KEY (`jurusan_id`) REFERENCES `jurusan` (`jurusan_id`))
in SYSTEMPATH\Database\MySQLi\Connection.php on line 332.
 1 SYSTEMPATH\Database\BaseConnection.php(738): CodeIgniter\Database\MySQLi\Connection->execute('INSERT INTO `mahasiswa` (`nim`, `nama_mahasiswa`, `email`, `tgl_lahir`, `alamat`, `jurusan_id`, `propinsi`, `no_hp`) VALUES (\'220003\', \'Iuy Pra\', \'iuy@example.com\', \'2006-06-24\', \'gambir\', \'Teknik informatika\', \'jakarta\', \'083163137\')')
 2 SYSTEMPATH\Database\BaseConnection.php(652): CodeIgniter\Database\BaseConnection->simpleQuery('INSERT INTO `mahasiswa` (`nim`, `nama_mahasiswa`, `email`, `tgl_lahir`, `alamat`, `jurusan_id`, `propinsi`, `no_hp`) VALUES (\'220003\', \'Iuy Pra\', \'iuy@example.com\', \'2006-06-24\', \'gambir\', \'Teknik informatika\', \'jakarta\', \'083163137\')')
 3 SYSTEMPATH\Database\BaseBuilder.php(2345): CodeIgniter\Database\BaseConnection->query('INSERT INTO `mahasiswa` (`nim`, `nama_mahasiswa`, `email`, `tgl_lahir`, `alamat`, `jurusan_id`, `propinsi`, `no_hp`) VALUES (:nim:, :nama_mahasiswa:, :email:, :tgl_lahir:, :alamat:, :jurusan_id:, :propinsi:, :no_hp:)', [...], false)
 4 SYSTEMPATH\Model.php(394): CodeIgniter\Database\BaseBuilder->insert()
 5 SYSTEMPATH\BaseModel.php(843): CodeIgniter\Model->doInsert([...])
 6 SYSTEMPATH\Model.php(800): CodeIgniter\BaseModel->insert([...], true)
 7 APPPATH\Controllers\Mahasiswa.php(32): CodeIgniter\Model->insert([...])
 8 SYSTEMPATH\CodeIgniter.php(933): App\Controllers\Mahasiswa->store()
 9 SYSTEMPATH\CodeIgniter.php(507): CodeIgniter\CodeIgniter->runController(Object(App\Controllers\Mahasiswa))
10 SYSTEMPATH\CodeIgniter.php(354): CodeIgniter\CodeIgniter->handleRequest(null, Object(Config\Cache), false)
11 SYSTEMPATH\Boot.php(334): CodeIgniter\CodeIgniter->run()
12 SYSTEMPATH\Boot.php(67): CodeIgniter\Boot::runCodeIgniter(Object(CodeIgniter\CodeIgniter))
13 FCPATH\index.php(59): CodeIgniter\Boot::bootWeb(Object(Config\Paths))
14 SYSTEMPATH\rewrite.php(44): require_once('C:\\laragon\\www\\ci-universitas\\public\\index.php')
CRITICAL - 2025-05-22 17:34:07 --> [Caused by] mysqli_sql_exception: Cannot add or update a child row: a foreign key constraint fails (`mercubuana`.`mahasiswa`, CONSTRAINT `mahasiswa_ibfk_1` FOREIGN KEY (`jurusan_id`) REFERENCES `jurusan` (`jurusan_id`))
in SYSTEMPATH\Database\MySQLi\Connection.php on line 327.
 1 SYSTEMPATH\Database\MySQLi\Connection.php(327): mysqli->query('INSERT INTO `mahasiswa` (`nim`, `nama_mahasiswa`, `email`, `tgl_lahir`, `alamat`, `jurusan_id`, `propinsi`, `no_hp`) VALUES (\'220003\', \'Iuy Pra\', \'iuy@example.com\', \'2006-06-24\', \'gambir\', \'Teknik informatika\', \'jakarta\', \'083163137\')', 0)
 2 SYSTEMPATH\Database\BaseConnection.php(738): CodeIgniter\Database\MySQLi\Connection->execute('INSERT INTO `mahasiswa` (`nim`, `nama_mahasiswa`, `email`, `tgl_lahir`, `alamat`, `jurusan_id`, `propinsi`, `no_hp`) VALUES (\'220003\', \'Iuy Pra\', \'iuy@example.com\', \'2006-06-24\', \'gambir\', \'Teknik informatika\', \'jakarta\', \'083163137\')')
 3 SYSTEMPATH\Database\BaseConnection.php(652): CodeIgniter\Database\BaseConnection->simpleQuery('INSERT INTO `mahasiswa` (`nim`, `nama_mahasiswa`, `email`, `tgl_lahir`, `alamat`, `jurusan_id`, `propinsi`, `no_hp`) VALUES (\'220003\', \'Iuy Pra\', \'iuy@example.com\', \'2006-06-24\', \'gambir\', \'Teknik informatika\', \'jakarta\', \'083163137\')')
 4 SYSTEMPATH\Database\BaseBuilder.php(2345): CodeIgniter\Database\BaseConnection->query('INSERT INTO `mahasiswa` (`nim`, `nama_mahasiswa`, `email`, `tgl_lahir`, `alamat`, `jurusan_id`, `propinsi`, `no_hp`) VALUES (:nim:, :nama_mahasiswa:, :email:, :tgl_lahir:, :alamat:, :jurusan_id:, :propinsi:, :no_hp:)', [...], false)
 5 SYSTEMPATH\Model.php(394): CodeIgniter\Database\BaseBuilder->insert()
 6 SYSTEMPATH\BaseModel.php(843): CodeIgniter\Model->doInsert([...])
 7 SYSTEMPATH\Model.php(800): CodeIgniter\BaseModel->insert([...], true)
 8 APPPATH\Controllers\Mahasiswa.php(32): CodeIgniter\Model->insert([...])
 9 SYSTEMPATH\CodeIgniter.php(933): App\Controllers\Mahasiswa->store()
10 SYSTEMPATH\CodeIgniter.php(507): CodeIgniter\CodeIgniter->runController(Object(App\Controllers\Mahasiswa))
11 SYSTEMPATH\CodeIgniter.php(354): CodeIgniter\CodeIgniter->handleRequest(null, Object(Config\Cache), false)
12 SYSTEMPATH\Boot.php(334): CodeIgniter\CodeIgniter->run()
13 SYSTEMPATH\Boot.php(67): CodeIgniter\Boot::runCodeIgniter(Object(CodeIgniter\CodeIgniter))
14 FCPATH\index.php(59): CodeIgniter\Boot::bootWeb(Object(Config\Paths))
15 SYSTEMPATH\rewrite.php(44): require_once('C:\\laragon\\www\\ci-universitas\\public\\index.php')
DEBUG - 2025-05-22 17:41:56 --> Session: Class initialized using 'CodeIgniter\Session\Handlers\FileHandler' driver.
CRITICAL - 2025-05-22 17:41:59 --> ErrorException: Undefined array key "jurusan"
[Method: GET, Route: mahasiswa/edit/4]
in APPPATH\Views\mahasiswa\edit.php on line 37.
 1 APPPATH\Views\mahasiswa\edit.php(37): CodeIgniter\Debug\Exceptions->errorHandler(2, 'Undefined array key "jurusan"', 'C:\\laragon\\www\\ci-universitas\\app\\Views\\mahasiswa\\edit.php', 37)
 2 SYSTEMPATH\View\View.php(224): include('C:\\laragon\\www\\ci-universitas\\app\\Views\\mahasiswa\\edit.php')
 3 SYSTEMPATH\View\View.php(227): CodeIgniter\View\View->CodeIgniter\View\{closure}()
 4 SYSTEMPATH\Common.php(1173): CodeIgniter\View\View->render('mahasiswa/edit', [], true)
 5 APPPATH\Controllers\Mahasiswa.php(51): view('mahasiswa/edit', [...])
 6 SYSTEMPATH\CodeIgniter.php(933): App\Controllers\Mahasiswa->edit('4')
 7 SYSTEMPATH\CodeIgniter.php(507): CodeIgniter\CodeIgniter->runController(Object(App\Controllers\Mahasiswa))
 8 SYSTEMPATH\CodeIgniter.php(354): CodeIgniter\CodeIgniter->handleRequest(null, Object(Config\Cache), false)
 9 SYSTEMPATH\Boot.php(334): CodeIgniter\CodeIgniter->run()
10 SYSTEMPATH\Boot.php(67): CodeIgniter\Boot::runCodeIgniter(Object(CodeIgniter\CodeIgniter))
11 FCPATH\index.php(59): CodeIgniter\Boot::bootWeb(Object(Config\Paths))
12 SYSTEMPATH\rewrite.php(44): require_once('C:\\laragon\\www\\ci-universitas\\public\\index.php')
DEBUG - 2025-05-22 17:47:10 --> Session: Class initialized using 'CodeIgniter\Session\Handlers\FileHandler' driver.
DEBUG - 2025-05-22 17:47:19 --> Session: Class initialized using 'CodeIgniter\Session\Handlers\FileHandler' driver.
DEBUG - 2025-05-22 17:47:49 --> Session: Class initialized using 'CodeIgniter\Session\Handlers\FileHandler' driver.
DEBUG - 2025-05-22 17:47:53 --> Session: Class initialized using 'CodeIgniter\Session\Handlers\FileHandler' driver.
DEBUG - 2025-05-22 17:48:55 --> Session: Class initialized using 'CodeIgniter\Session\Handlers\FileHandler' driver.
